yarn run v1.22.17
$ rm -rf ./styles/styles.css && tailwindcss -i ./styles/globals.css -o ./styles/styles.css --minify

warn - No utility classes were detected in your source files. If this is unexpected, double-check the `content` option in your Tailwind CSS configuration.
warn - https://tailwindcss.com/docs/content-configuration

Done in 224ms.
Done in 0.78s.
info @storybook/react v6.4.22
info 
info => Cleaning outputDir: /tmp/chromatic--5109-PdYcaGIgzTrV
info => Loading presets
info => Compiling manager..
info => Compiling preview..
info => Using implicit CSS loaders
info => Using default Webpack4 setup
<s> [webpack.Progress] 0% compiling
<s> [webpack.Progress] 10% building 0/0 modules 0 active 
<s> [webpack.Progress] 10% building 0/1 modules 1 active multi /home/chara-/React-apps/personal-site/node_modules/@storybook/core-client/dist/esm/globals/polyfills.js /home/chara-/React-apps/personal-site/node_modules/@storybook/core-client/dist/esm/globals/globals.js /home/chara-/React-apps/personal-site/storybook-init-framework-entry.js /home/chara-/React-apps/personal-site/node_modules/@storybook/addon-docs/dist/esm/frameworks/common/config.js-generated-config-entry.js /home/chara-/React-apps/personal-site/node_modules/@storybook/addon-docs/dist/esm/frameworks/react/config.js-generated-config-entry.js /home/chara-/React-apps/personal-site/node_modules/@storybook/react/dist/esm/client/preview/config-generated-config-entry.js /home/chara-/React-apps/personal-site/node_modules/@storybook/addon-links/dist/esm/preset/addDecorator.js-generated-config-entry.js /home/chara-/React-apps/personal-site/node_modules/@storybook/addon-actions/dist/esm/preset/addDecorator.js-generated-config-entry.js /home/chara-/React-apps/personal-site/node_modules/@storybook/addon-actions/dist/esm/preset/addArgs.js-generated-config-entry.js /home/chara-/React-apps/personal-site/node_modules/@storybook/addon-backgrounds/dist/esm/preset/addDecorator.js-generated-config-entry.js /home/chara-/React-apps/personal-site/node_modules/@storybook/addon-backgrounds/dist/esm/preset/addParameter.js-generated-config-entry.js /home/chara-/React-apps/personal-site/node_modules/@storybook/addon-measure/dist/esm/preset/addDecorator.js-generated-config-entry.js /home/chara-/React-apps/personal-site/node_modules/@storybook/addon-outline/dist/esm/preset/addDecorator.js-generated-config-entry.js /home/chara-/React-apps/personal-site/node_modules/@storybook/addon-interactions/dist/esm/preset/argsEnhancers.js-generated-config-entry.js /home/chara-/React-apps/personal-site/.storybook/preview.js-generated-config-entry.js /home/chara-/React-apps/personal-site/generated-stories-entry.js
<s> [webpack.Progress] 10% building 1/1 modules 0 active 
(node:5214) DeprecationWarning: Default PostCSS plugins are deprecated. When switching to '@storybook/addon-postcss',
you will need to add your own plugins, such as 'postcss-flexbugs-fixes' and 'autoprefixer'.

See https://github.com/storybookjs/storybook/blob/next/MIGRATION.md#deprecated-default-postcss-plugins for details.
(Use `node --trace-deprecation ...` to show where the warning was created)
<s> [webpack.Progress] 10% building 1/2 modules 1 active /home/chara-/React-apps/personal-site/node_modules/babel-loader/lib/index.js??ref--4-0!/home/chara-/React-apps/personal-site/storybook-init-framework-entry.js
<s> [webpack.Progress] 10% building 1/3 modules 2 active /home/chara-/React-apps/personal-site/node_modules/babel-loader/lib/index.js??ref--4-0!/home/chara-/React-apps/personal-site/generated-stories-entry.js
<s> [webpack.Progress] 10% building 1/4 modules 3 active /home/chara-/React-apps/personal-site/node_modules/babel-loader/lib/index.js??ref--4-0!/home/chara-/React-apps/personal-site/.storybook/preview.js-generated-config-entry.js
<s> [webpack.Progress] 10% building 1/5 modules 4 active /home/chara-/React-apps/personal-site/node_modules/@storybook/addon-backgrounds/dist/esm/preset/addDecorator.js-generated-config-entry.js
<s> [webpack.Progress] 10% building 1/6 modules 5 active /home/chara-/React-apps/personal-site/node_modules/@storybook/addon-backgrounds/dist/esm/preset/addParameter.js-generated-config-entry.js
<s> [webpack.Progress] 10% building 1/7 modules 6 active /home/chara-/React-apps/personal-site/node_modules/@storybook/addon-actions/dist/esm/preset/addDecorator.js-generated-config-entry.js
<s> [webpack.Progress] 10% building 1/8 modules 7 active /home/chara-/React-apps/personal-site/node_modules/@storybook/addon-actions/dist/esm/preset/addArgs.js-generated-config-entry.js
<s> [webpack.Progress] 10% building 1/9 modules 8 active /home/chara-/React-apps/personal-site/node_modules/@storybook/addon-measure/dist/esm/preset/addDecorator.js-generated-config-entry.js
<s> [webpack.Progress] 10% building 1/10 modules 9 active /home/chara-/React-apps/personal-site/node_modules/@storybook/addon-outline/dist/esm/preset/addDecorator.js-generated-config-entry.js
<s> [webpack.Progress] 10% building 1/11 modules 10 active /home/chara-/React-apps/personal-site/node_modules/@storybook/addon-links/dist/esm/preset/addDecorator.js-generated-config-entry.js
<s> [webpack.Progress] 10% building 1/12 modules 11 active /home/chara-/React-apps/personal-site/node_modules/@storybook/addon-interactions/dist/esm/preset/argsEnhancers.js-generated-config-entry.js
<s> [webpack.Progress] 10% building 1/13 modules 12 active /home/chara-/React-apps/personal-site/node_modules/@storybook/addon-docs/dist/esm/frameworks/common/config.js-generated-config-entry.js
<s> [webpack.Progress] 10% building 1/14 modules 13 active /home/chara-/React-apps/personal-site/node_modules/@storybook/addon-docs/dist/esm/frameworks/react/config.js-generated-config-entry.js
<s> [webpack.Progress] 10% building 1/15 modules 14 active /home/chara-/React-apps/personal-site/node_modules/@storybook/react/dist/esm/client/preview/config-generated-config-entry.js
<s> [webpack.Progress] 10% building 2/15 modules 13 active /home/chara-/React-apps/personal-site/node_modules/@storybook/react/dist/esm/client/preview/config-generated-config-entry.js
<s> [webpack.Progress] 10% building 3/15 modules 12 active /home/chara-/React-apps/personal-site/node_modules/@storybook/react/dist/esm/client/preview/config-generated-config-entry.js
<s> [webpack.Progress] 10% building 4/15 modules 11 active /home/chara-/React-apps/personal-site/node_modules/@storybook/react/dist/esm/client/preview/config-generated-config-entry.js
<s> [webpack.Progress] 10% building 5/15 modules 10 active /home/chara-/React-apps/personal-site/node_modules/@storybook/react/dist/esm/client/preview/config-generated-config-entry.js
<s> [webpack.Progress] 10% building 6/15 modules 9 active /home/chara-/React-apps/personal-site/node_modules/@storybook/react/dist/esm/client/preview/config-generated-config-entry.js
<s> [webpack.Progress] 10% building 7/15 modules 8 active /home/chara-/React-apps/personal-site/node_modules/@storybook/react/dist/esm/client/preview/config-generated-config-entry.js
<s> [webpack.Progress] 10% building 8/15 modules 7 active /home/chara-/React-apps/personal-site/node_modules/@storybook/react/dist/esm/client/preview/config-generated-config-entry.js
<s> [webpack.Progress] 11% building 9/15 modules 6 active /home/chara-/React-apps/personal-site/node_modules/@storybook/react/dist/esm/client/preview/config-generated-config-entry.js
<s> [webpack.Progress] 11% building 10/15 modules 5 active /home/chara-/React-apps/personal-site/node_modules/@storybook/react/dist/esm/client/preview/config-generated-config-entry.js
<s> [webpack.Progress] 11% building 11/15 modules 4 active /home/chara-/React-apps/personal-site/node_modules/@storybook/react/dist/esm/client/preview/config-generated-config-entry.js
<s> [webpack.Progress] 11% building 12/15 modules 3 active /home/chara-/React-apps/personal-site/node_modules/babel-loader/lib/index.js??ref--4-0!/home/chara-/React-apps/personal-site/.storybook/preview.js-generated-config-entry.js
<s> [webpack.Progress] 11% building 12/16 modules 4 active /home/chara-/React-apps/personal-site/node_modules/@storybook/core-client/dist/esm/globals/polyfills.js
<s> [webpack.Progress] 11% building 12/17 modules 5 active /home/chara-/React-apps/personal-site/node_modules/@storybook/core-client/dist/esm/globals/globals.js
<s> [webpack.Progress] 11% building 12/18 modules 6 active /home/chara-/React-apps/personal-site/node_modules/@storybook/addon-backgrounds/dist/esm/preset/addDecorator.js
<s> [webpack.Progress] 11% building 12/19 modules 7 active /home/chara-/React-apps/personal-site/node_modules/@storybook/addon-backgrounds/dist/esm/preset/addParameter.js
<s> [webpack.Progress] 11% building 12/20 modules 8 active /home/chara-/React-apps/personal-site/node_modules/@storybook/addon-actions/dist/esm/preset/addDecorator.js
<s> [webpack.Progress] 11% building 12/21 modules 9 active /home/chara-/React-apps/personal-site/node_modules/@storybook/addon-actions/dist/esm/preset/addArgs.js
<s> [webpack.Progress] 11% building 12/22 modules 10 active /home/chara-/React-apps/personal-site/node_modules/@storybook/addon-measure/dist/esm/preset/addDecorator.js
<s> [webpack.Progress] 11% building 12/23 modules 11 active /home/chara-/React-apps/personal-site/node_modules/@storybook/addon-outline/dist/esm/preset/addDecorator.js
<s> [webpack.Progress] 11% building 12/24 modules 12 active /home/chara-/React-apps/personal-site/node_modules/@storybook/addon-links/dist/esm/preset/addDecorator.js
<s> [webpack.Progress] 11% building 12/25 modules 13 active /home/chara-/React-apps/personal-site/node_modules/@storybook/addon-docs/dist/esm/frameworks/common/config.js
<s> [webpack.Progress] 11% building 12/26 modules 14 active /home/chara-/React-apps/personal-site/node_modules/@storybook/addon-interactions/dist/esm/preset/argsEnhancers.js
<s> [webpack.Progress] 11% building 12/27 modules 15 active /home/chara-/React-apps/personal-site/node_modules/@storybook/addon-docs/dist/esm/frameworks/react/config.js
<s> [webpack.Progress] 11% building 13/27 modules 14 active /home/chara-/React-apps/personal-site/node_modules/@storybook/addon-docs/dist/esm/frameworks/react/config.js
<s> [webpack.Progress] 11% building 14/27 modules 13 active /home/chara-/React-apps/personal-site/node_modules/@storybook/addon-docs/dist/esm/frameworks/react/config.js
<s> [webpack.Progress] 11% building 15/27 modules 12 active /home/chara-/React-apps/personal-site/node_modules/@storybook/addon-docs/dist/esm/frameworks/react/config.js
<s> [webpack.Progress] 11% building 16/27 modules 11 active /home/chara-/React-apps/personal-site/node_modules/@storybook/addon-docs/dist/esm/frameworks/react/config.js
<s> [webpack.Progress] 12% building 17/27 modules 10 active /home/chara-/React-apps/personal-site/node_modules/@storybook/addon-docs/dist/esm/frameworks/react/config.js
<s> [webpack.Progress] 12% building 18/27 modules 9 active /home/chara-/React-apps/personal-site/node_modules/@storybook/addon-docs/dist/esm/frameworks/react/config.js
<s> [webpack.Progress] 12% building 19/27 modules 8 active /home/chara-/React-apps/personal-site/node_modules/@storybook/addon-docs/dist/esm/frameworks/react/config.js
<s> [webpack.Progress] 12% building 20/27 modules 7 active /home/chara-/React-apps/personal-site/node_modules/@storybook/addon-docs/dist/esm/frameworks/react/config.js
<s> [webpack.Progress] 12% building 21/27 modules 6 active /home/chara-/React-apps/personal-site/node_modules/@storybook/addon-docs/dist/esm/frameworks/react/config.js
<s> [webpack.Progress] 12% building 21/28 modules 7 active /home/chara-/React-apps/personal-site/node_modules/@storybook/react/dist/esm/client/preview/config.js
<s> [webpack.Progress] 12% building 22/28 modules 6 active /home/chara-/React-apps/personal-site/node_modules/@storybook/react/dist/esm/client/preview/config.js
<s> [webpack.Progress] 12% building 23/28 modules 5 active /home/chara-/React-apps/personal-site/node_modules/@storybook/react/dist/esm/client/preview/config.js
<s> [webpack.Progress] 12% building 24/28 modules 4 active /home/chara-/React-apps/personal-site/node_modules/@storybook/react/dist/esm/client/preview/config.js
<s> [webpack.Progress] 13% building 25/28 modules 3 active /home/chara-/React-apps/personal-site/node_modules/@storybook/react/dist/esm/client/preview/config.js
<s> [webpack.Progress] 13% building 26/28 modules 2 active /home/chara-/React-apps/personal-site/node_modules/@storybook/react/dist/esm/client/preview/config.js
<s> [webpack.Progress] 13% building 27/28 modules 1 active /home/chara-/React-apps/personal-site/node_modules/@storybook/react/dist/esm/client/preview/config.js
<s> [webpack.Progress] 70% building 27/28 modules 1 active /home/chara-/React-apps/personal-site/node_modules/@storybook/react/dist/esm/client/preview/config.js
ERR! => Failed to build the preview
ERR! Module not found: Error: Can't resolve './stories' in '/home/chara-/React-apps/personal-site'
ERR! ModuleNotFoundError: Module not found: Error: Can't resolve './stories' in '/home/chara-/React-apps/personal-site'
ERR!     at /home/chara-/React-apps/personal-site/node_modules/webpack/lib/Compilation.js:925:10
ERR!     at /home/chara-/React-apps/personal-site/node_modules/webpack/lib/ContextModuleFactory.js:143:23
ERR!     at /home/chara-/React-apps/personal-site/node_modules/neo-async/async.js:2830:7
ERR!     at /home/chara-/React-apps/personal-site/node_modules/neo-async/async.js:6877:13
ERR!     at /home/chara-/React-apps/personal-site/node_modules/webpack/lib/ContextModuleFactory.js:118:26
ERR!     at /home/chara-/React-apps/personal-site/node_modules/enhanced-resolve/lib/Resolver.js:213:14
ERR!     at /home/chara-/React-apps/personal-site/node_modules/enhanced-resolve/lib/Resolver.js:285:5
ERR!     at eval (eval at create (/home/chara-/React-apps/personal-site/node_modules/tapable/lib/HookCodeFactory.js:33:10), <anonymous>:15:1)
ERR!     at /home/chara-/React-apps/personal-site/node_modules/enhanced-resolve/lib/UnsafeCachePlugin.js:44:7
ERR!     at /home/chara-/React-apps/personal-site/node_modules/enhanced-resolve/lib/Resolver.js:285:5
ERR!     at eval (eval at create (/home/chara-/React-apps/personal-site/node_modules/tapable/lib/HookCodeFactory.js:33:10), <anonymous>:15:1)
ERR!     at /home/chara-/React-apps/personal-site/node_modules/enhanced-resolve/lib/Resolver.js:285:5
ERR!     at eval (eval at create (/home/chara-/React-apps/personal-site/node_modules/tapable/lib/HookCodeFactory.js:33:10), <anonymous>:27:1)
ERR!     at /home/chara-/React-apps/personal-site/node_modules/enhanced-resolve/lib/DescriptionFilePlugin.js:67:43
ERR!     at /home/chara-/React-apps/personal-site/node_modules/enhanced-resolve/lib/Resolver.js:285:5
ERR!     at eval (eval at create (/home/chara-/React-apps/personal-site/node_modules/tapable/lib/HookCodeFactory.js:33:10), <anonymous>:16:1)
ERR!  ModuleNotFoundError: Module not found: Error: Can't resolve './stories' in '/home/chara-/React-apps/personal-site'
ERR!     at /home/chara-/React-apps/personal-site/node_modules/webpack/lib/Compilation.js:925:10
ERR!     at /home/chara-/React-apps/personal-site/node_modules/webpack/lib/ContextModuleFactory.js:143:23
ERR!     at /home/chara-/React-apps/personal-site/node_modules/neo-async/async.js:2830:7
ERR!     at /home/chara-/React-apps/personal-site/node_modules/neo-async/async.js:6877:13
ERR!     at /home/chara-/React-apps/personal-site/node_modules/webpack/lib/ContextModuleFactory.js:118:26
ERR!     at /home/chara-/React-apps/personal-site/node_modules/enhanced-resolve/lib/Resolver.js:213:14
ERR!     at /home/chara-/React-apps/personal-site/node_modules/enhanced-resolve/lib/Resolver.js:285:5
ERR!     at eval (eval at create (/home/chara-/React-apps/personal-site/node_modules/tapable/lib/HookCodeFactory.js:33:10), <anonymous>:15:1)
ERR!     at /home/chara-/React-apps/personal-site/node_modules/enhanced-resolve/lib/UnsafeCachePlugin.js:44:7
ERR!     at /home/chara-/React-apps/personal-site/node_modules/enhanced-resolve/lib/Resolver.js:285:5
ERR!     at eval (eval at create (/home/chara-/React-apps/personal-site/node_modules/tapable/lib/HookCodeFactory.js:33:10), <anonymous>:15:1)
ERR!     at /home/chara-/React-apps/personal-site/node_modules/enhanced-resolve/lib/Resolver.js:285:5
ERR!     at eval (eval at create (/home/chara-/React-apps/personal-site/node_modules/tapable/lib/HookCodeFactory.js:33:10), <anonymous>:27:1)
ERR!     at /home/chara-/React-apps/personal-site/node_modules/enhanced-resolve/lib/DescriptionFilePlugin.js:67:43
ERR!     at /home/chara-/React-apps/personal-site/node_modules/enhanced-resolve/lib/Resolver.js:285:5
ERR!     at eval (eval at create (/home/chara-/React-apps/personal-site/node_modules/tapable/lib/HookCodeFactory.js:33:10), <anonymous>:16:1)
ERR! resolve './stories' in '/home/chara-/React-apps/personal-site'
ERR!   using description file: /home/chara-/React-apps/personal-site/package.json (relative path: .)
ERR!     Field 'browser' doesn't contain a valid alias configuration
ERR!     using description file: /home/chara-/React-apps/personal-site/package.json (relative path: ./stories)
ERR!       as directory
ERR!         /home/chara-/React-apps/personal-site/stories doesn't exist
